==00:00:00:00.000 15743== Memcheck, a memory error detector
==00:00:00:00.000 15743== Copyright (C) 2002-2017, and GNU GPL'd, by Julian Seward et al.
==00:00:00:00.000 15743== Using Valgrind-3.13.0 and LibVEX; rerun with -h for copyright info
==00:00:00:00.000 15743== Command: ./tp 4 2 2 alot data
==00:00:00:00.000 15743== Parent PID: 15742
==00:00:00:00.000 15743== 
==00:00:00:00.792 15743== 
==00:00:00:00.792 15743== FILE DESCRIPTORS: 4 open at exit.
==00:00:00:00.792 15743== Open file descriptor 3: /home/alvaro/CLionProjects/FrameOfReference/valgrind.out
==00:00:00:00.792 15743==    <inherited from parent>
==00:00:00:00.792 15743== 
==00:00:00:00.792 15743== Open file descriptor 2: /dev/pts/1
==00:00:00:00.792 15743==    <inherited from parent>
==00:00:00:00.792 15743== 
==00:00:00:00.792 15743== Open file descriptor 1: /dev/pts/1
==00:00:00:00.792 15743==    <inherited from parent>
==00:00:00:00.792 15743== 
==00:00:00:00.792 15743== Open file descriptor 0: /dev/pts/1
==00:00:00:00.792 15743==    <inherited from parent>
==00:00:00:00.792 15743== 
==00:00:00:00.792 15743== 
==00:00:00:00.792 15743== HEAP SUMMARY:
==00:00:00:00.792 15743==     in use at exit: 0 bytes in 0 blocks
==00:00:00:00.792 15743==   total heap usage: 2,148 allocs, 2,148 frees, 171,298 bytes allocated
==00:00:00:00.792 15743== 
==00:00:00:00.792 15743== All heap blocks were freed -- no leaks are possible
==00:00:00:00.792 15743== 
==00:00:00:00.792 15743== For counts of detected and suppressed errors, rerun with: -v
==00:00:00:00.792 15743== ERROR SUMMARY: 0 errors from 0 contexts (suppressed: 0 from 0)
[SERCOM] Summary
[SERCOM] Command Line: /usr/bin/valgrind --tool=memcheck --trace-children=yes --track-fds=yes --time-stamp=yes --num-callers=20 --error-exitcode=42 --leak-check=full --leak-resolution=med --log-file=valgrind.out --show-reachable=yes --suppressions=suppressions.txt
[SERCOM] Error code configured for Valgrind: 42.
[SERCOM] Valgrind execution result: 0.
[SERCOM] Valgrind result: Success.
